[Fri Jul 14 14:38:10.968657 2017] [mpm_prefork:notice] [pid 3101] AH00163: Apache/2.4.7 (Ubuntu) PHP/5.5.9-1ubuntu4.21 configured -- resuming normal operations
[Fri Jul 14 14:38:10.968734 2017] [core:notice] [pid 3101] AH00094: Command line: 'apache2'
[Fri Jul 14 14:38:13.871105 2017] [core:info] [pid 3118] [client 10.240.0.224:36522] AH00128: File does not exist: /home/ubuntu/workspace/favicon.ico, referer: https://php-mysql-jolicoeur.c9users.io/
[Fri Jul 14 14:46:40.706279 2017] [mpm_prefork:notice] [pid 3101] AH00169: caught SIGTERM, shutting down
[Fri Jul 14 14:46:54.854352 2017] [mpm_prefork:notice] [pid 4165] AH00163: Apache/2.4.7 (Ubuntu) PHP/5.5.9-1ubuntu4.21 configured -- resuming normal operations
[Fri Jul 14 14:46:54.854444 2017] [core:notice] [pid 4165] AH00094: Command line: 'apache2'
[Fri Jul 14 15:28:12.153275 2017] [mpm_prefork:notice] [pid 4165] AH00169: caught SIGTERM, shutting down
[Fri Jul 14 15:28:14.973531 2017] [mpm_prefork:notice] [pid 4821] AH00163: Apache/2.4.7 (Ubuntu) PHP/5.5.9-1ubuntu4.21 configured -- resuming normal operations
[Fri Jul 14 15:28:14.973583 2017] [core:notice] [pid 4821] AH00094: Command line: 'apache2'
[Fri Jul 14 15:42:49.949060 2017] [mpm_prefork:notice] [pid 4821] AH00169: caught SIGTERM, shutting down
[Fri Jul 14 15:42:53.785714 2017] [mpm_prefork:notice] [pid 5982] AH00163: Apache/2.4.7 (Ubuntu) PHP/5.5.9-1ubuntu4.21 configured -- resuming normal operations
[Fri Jul 14 15:42:53.785768 2017] [core:notice] [pid 5982] AH00094: Command line: 'apache2'
[Fri Jul 14 15:43:52.978005 2017] [mpm_prefork:notice] [pid 5982] AH00169: caught SIGTERM, shutting down
[Fri Jul 14 15:43:55.904097 2017] [mpm_prefork:notice] [pid 6514] AH00163: Apache/2.4.7 (Ubuntu) PHP/5.5.9-1ubuntu4.21 configured -- resuming normal operations
[Fri Jul 14 15:43:55.904176 2017] [core:notice] [pid 6514] AH00094: Command line: 'apache2'
[Fri Jul 14 15:51:52.247490 2017] [mpm_prefork:notice] [pid 6514] AH00169: caught SIGTERM, shutting down
[Fri Jul 14 15:51:54.920393 2017] [mpm_prefork:notice] [pid 7249] AH00163: Apache/2.4.7 (Ubuntu) PHP/5.5.9-1ubuntu4.21 configured -- resuming normal operations
[Fri Jul 14 15:51:54.920447 2017] [core:notice] [pid 7249] AH00094: Command line: 'apache2'
[Fri Jul 14 16:39:00.049687 2017] [mpm_prefork:notice] [pid 7249] AH00169: caught SIGTERM, shutting down
[Fri Jul 14 16:39:03.335617 2017] [mpm_prefork:notice] [pid 8867] AH00163: Apache/2.4.7 (Ubuntu) PHP/5.5.9-1ubuntu4.21 configured -- resuming normal operations
[Fri Jul 14 16:39:03.335668 2017] [core:notice] [pid 8867] AH00094: Command line: 'apache2'
[Fri Jul 14 16:42:47.242229 2017] [mpm_prefork:notice] [pid 8867] AH00169: caught SIGTERM, shutting down
[Fri Jul 14 16:42:49.790525 2017] [mpm_prefork:notice] [pid 9438] AH00163: Apache/2.4.7 (Ubuntu) PHP/5.5.9-1ubuntu4.21 configured -- resuming normal operations
[Fri Jul 14 16:42:49.790596 2017] [core:notice] [pid 9438] AH00094: Command line: 'apache2'
[Fri Jul 14 16:43:57.823284 2017] [mpm_prefork:notice] [pid 9438] AH00169: caught SIGTERM, shutting down
[Fri Jul 14 16:44:00.164168 2017] [mpm_prefork:notice] [pid 9964] AH00163: Apache/2.4.7 (Ubuntu) PHP/5.5.9-1ubuntu4.21 configured -- resuming normal operations
[Fri Jul 14 16:44:00.164217 2017] [core:notice] [pid 9964] AH00094: Command line: 'apache2'
[Sat Jul 15 09:39:41.842250 2017] [mpm_prefork:notice] [pid 9964] AH00169: caught SIGTERM, shutting down
[Sat Jul 15 09:39:44.282466 2017] [mpm_prefork:notice] [pid 11656] AH00163: Apache/2.4.7 (Ubuntu) PHP/5.5.9-1ubuntu4.21 configured -- resuming normal operations
[Sat Jul 15 09:39:44.282519 2017] [core:notice] [pid 11656] AH00094: Command line: 'apache2'
[Sat Jul 15 16:22:36.922019 2017] [core:info] [pid 11666] [client 10.240.1.67:44672] AH00128: File does not exist: /home/ubuntu/workspace/examplejeeigenemail@gmail.com, referer: https://php-mysql-jolicoeur.c9users.io/mijnformilier.php
[Sat Jul 15 16:23:23.909417 2017] [core:info] [pid 11664] [client 10.240.1.67:45576] AH00128: File does not exist: /home/ubuntu/workspace/joliweibolt@gmail.com, referer: https://php-mysql-jolicoeur.c9users.io/mijnformilier.php
[Sat Jul 15 16:23:55.303132 2017] [core:info] [pid 11662] [client 10.240.1.18:41208] AH00128: File does not exist: /home/ubuntu/workspace/joliweibolt@gmail.com, referer: https://php-mysql-jolicoeur.c9users.io/mijnformilier.php
[Sat Jul 15 16:24:17.924627 2017] [core:info] [pid 11665] [client 10.240.1.67:46704] AH00128: File does not exist: /home/ubuntu/workspace/joliweibolt@gmail.com, referer: https://php-mysql-jolicoeur.c9users.io/mijnformilier.php
[Sat Jul 15 16:25:45.726308 2017] [core:info] [pid 11663] [client 10.240.0.224:45804] AH00128: File does not exist: /home/ubuntu/workspace/h.akkas@hetcml.nl, referer: https://php-mysql-jolicoeur.c9users.io/mijnformilier.php
[Sat Jul 15 16:27:14.031346 2017] [core:info] [pid 11663] [client 10.240.1.4:46456] AH00128: File does not exist: /home/ubuntu/workspace/h.akkas@hetcml.nl, referer: https://php-mysql-jolicoeur.c9users.io/mijnformilier.php
[Sun Jul 16 12:56:54.505583 2017] [core:info] [pid 11663] [client 10.240.1.31:50974] AH00128: File does not exist: /home/ubuntu/workspace/Lesbrief 4/opdracht 1 verstuur.php, referer: https://php-mysql-jolicoeur.c9users.io/lesbrief4-opdr2.html
[Sun Jul 16 13:00:11.620477 2017] [core:info] [pid 11666] [client 10.240.1.45:60826] AH00128: File does not exist: /home/ubuntu/workspace/Lesbrief 4/opdracht 1 verstuur.php, referer: https://php-mysql-jolicoeur.c9users.io/lesbrief4-opdr2.html
[Sun Jul 16 13:01:06.699014 2017] [core:info] [pid 11662] [client 10.240.1.31:56008] AH00128: File does not exist: /home/ubuntu/workspace/Lesbrief 4/opdracht 1 verstuur.php, referer: https://php-mysql-jolicoeur.c9users.io/lesbrief4-opdr2.html
[Sun Jul 16 13:02:26.167807 2017] [core:info] [pid 11665] [client 10.240.0.224:47274] AH00128: File does not exist: /home/ubuntu/workspace/Lesbrief 4/opdracht 1 verstuur.php, referer: https://php-mysql-jolicoeur.c9users.io/lesbrief4-opdr2.html
[Sun Jul 16 13:03:26.226100 2017] [core:info] [pid 11663] [client 10.240.1.45:37798] AH00128: File does not exist: /home/ubuntu/workspace/Lesbrief 4/opdracht 1 verstuur.php, referer: https://php-mysql-jolicoeur.c9users.io/lesbrief4-opdr2.html
[Sun Jul 16 13:03:58.412132 2017] [core:info] [pid 11663] [client 10.240.1.18:60304] AH00128: File does not exist: /home/ubuntu/workspace/Lesbrief 4/opdracht 1 verstuur.php, referer: https://php-mysql-jolicoeur.c9users.io/lesbrief4-opdr2.html
[Sun Jul 16 13:11:14.442002 2017] [:error] [pid 11664] [client 10.240.0.224:57652] script '/home/ubuntu/workspace/verwerking.php' not found or unable to stat, referer: https://php-mysql-jolicoeur.c9users.io/lesbrief4-opdr3.html
[Fri Jul 21 10:28:56.542204 2017] [core:warn] [pid 3287] AH00098: pid file /home/ubuntu/lib/apache2/run/apache2.pid overwritten -- Unclean shutdown of previous Apache run?
[Fri Jul 21 10:28:56.547708 2017] [mpm_prefork:notice] [pid 3287] AH00163: Apache/2.4.7 (Ubuntu) PHP/5.5.9-1ubuntu4.21 configured -- resuming normal operations
[Fri Jul 21 10:28:56.547756 2017] [core:notice] [pid 3287] AH00094: Command line: 'apache2'
[Fri Jul 21 10:28:59.671970 2017] [core:info] [pid 3299] [client 10.240.0.189:39950] AH00128: File does not exist: /home/ubuntu/workspace/favicon.ico, referer: https://php-mysql-jolicoeur.c9users.io/
[Sun Jul 30 14:48:40.766715 2017] [core:warn] [pid 3310] AH00098: pid file /home/ubuntu/lib/apache2/run/apache2.pid overwritten -- Unclean shutdown of previous Apache run?
[Sun Jul 30 14:48:40.772331 2017] [mpm_prefork:notice] [pid 3310] AH00163: Apache/2.4.7 (Ubuntu) PHP/5.5.9-1ubuntu4.21 configured -- resuming normal operations
[Sun Jul 30 14:48:40.772374 2017] [core:notice] [pid 3310] AH00094: Command line: 'apache2'
[Sun Jul 30 14:48:43.571841 2017] [core:info] [pid 3325] [client 10.240.1.14:53642] AH00128: File does not exist: /home/ubuntu/workspace/favicon.ico, referer: https://php-mysql-jolicoeur.c9users.io/
[Sun Jul 30 16:31:46.843560 2017] [mpm_prefork:notice] [pid 3310] AH00169: caught SIGTERM, shutting down
[Sun Jul 30 16:31:49.295324 2017] [mpm_prefork:notice] [pid 5241] AH00163: Apache/2.4.7 (Ubuntu) PHP/5.5.9-1ubuntu4.21 configured -- resuming normal operations
[Sun Jul 30 16:31:49.295394 2017] [core:notice] [pid 5241] AH00094: Command line: 'apache2'
[Mon Jul 31 13:43:57.605855 2017] [core:info] [pid 13732] [client 10.240.1.14:46198] AH00128: File does not exist: /home/ubuntu/workspace/Lesbrief 4/opdracht 1 verstuur.php, referer: https://php-mysql-jolicoeur.c9users.io/lesbrief4-opdr2verwerking.php
[Mon Jul 31 13:57:12.577383 2017] [core:info] [pid 13732] [client 10.240.0.189:40024] AH00128: File does not exist: /home/ubuntu/workspace/Lesbrief 4/opdracht 1 verstuur.php, referer: https://php-mysql-jolicoeur.c9users.io/lesbrief4-opdr2.html
[Tue Aug 01 14:51:27.269712 2017] [mpm_prefork:notice] [pid 5241] AH00169: caught SIGTERM, shutting down
[Tue Aug 01 14:51:40.215960 2017] [mpm_prefork:notice] [pid 20467] AH00163: Apache/2.4.7 (Ubuntu) PHP/5.5.9-1ubuntu4.21 configured -- resuming normal operations
[Tue Aug 01 14:51:40.216026 2017] [core:notice] [pid 20467] AH00094: Command line: 'apache2'
[Tue Aug 01 14:51:44.672983 2017] [core:info] [pid 20474] [client 10.240.1.45:37094] AH00128: File does not exist: /home/ubuntu/workspace/favicon.ico, referer: https://php-mysql-jolicoeur.c9users.io/
[Tue Aug 01 15:06:34.028135 2017] [core:info] [pid 20474] [client 10.240.1.4:47662] AH00128: File does not exist: /home/ubuntu/workspace/Lesbrief 4/opdracht 1 verstuur.php, referer: https://php-mysql-jolicoeur.c9users.io/lesbrief4-opdr2verwerking.php
[Tue Aug 01 15:07:50.840869 2017] [core:info] [pid 20474] [client 10.240.1.45:37310] AH00128: File does not exist: /home/ubuntu/workspace/lesbrief4-opdr2verwerking, referer: https://php-mysql-jolicoeur.c9users.io/lesbrief4-opdr2verwerking.php
[Fri Sep 29 19:40:06.397348 2017] [core:warn] [pid 2654] AH00098: pid file /home/ubuntu/lib/apache2/run/apache2.pid overwritten -- Unclean shutdown of previous Apache run?
[Fri Sep 29 19:40:06.408373 2017] [mpm_prefork:notice] [pid 2654] AH00163: Apache/2.4.7 (Ubuntu) PHP/5.5.9-1ubuntu4.21 configured -- resuming normal operations
[Fri Sep 29 19:40:06.408429 2017] [core:notice] [pid 2654] AH00094: Command line: 'apache2'
[Fri Sep 29 19:40:08.639502 2017] [core:info] [pid 2675] [client 10.240.1.4:35668] AH00128: File does not exist: /home/ubuntu/workspace/favicon.ico, referer: https://php-mysql-jolicoeur.c9users.io/
[Sun Oct 01 12:35:13.202053 2017] [core:info] [pid 2676] [client 10.240.1.4:52318] AH00128: File does not exist: /home/ubuntu/workspace/favicon.ico, referer: https://php-mysql-jolicoeur.c9users.io/
[Sun Oct 01 12:35:53.696092 2017] [:error] [pid 2672] [client 10.240.1.18:43942] script '/home/ubuntu/workspace/verwerking.php' not found or unable to stat, referer: https://php-mysql-jolicoeur.c9users.io/lesbrief4-opdr3.html
[Sun Oct 01 13:16:08.983305 2017] [mpm_prefork:notice] [pid 2654] AH00169: caught SIGTERM, shutting down
[Sun Oct 01 13:16:12.153313 2017] [mpm_prefork:notice] [pid 7614] AH00163: Apache/2.4.7 (Ubuntu) PHP/5.5.9-1ubuntu4.21 configured -- resuming normal operations
[Sun Oct 01 13:16:12.153394 2017] [core:notice] [pid 7614] AH00094: Command line: 'apache2'
[Sun Oct 01 13:16:41.367153 2017] [:error] [pid 7622] [client 10.240.1.45:57970] script '/home/ubuntu/workspace/verwerking.php' not found or unable to stat, referer: https://php-mysql-jolicoeur.c9users.io/lesbrief4-opdr3.html
[Sun Oct 01 13:18:10.471119 2017] [mpm_prefork:notice] [pid 7614] AH00169: caught SIGTERM, shutting down
[Sun Oct 01 13:18:12.723768 2017] [mpm_prefork:notice] [pid 8165] AH00163: Apache/2.4.7 (Ubuntu) PHP/5.5.9-1ubuntu4.21 configured -- resuming normal operations
[Sun Oct 01 13:18:12.723872 2017] [core:notice] [pid 8165] AH00094: Command line: 'apache2'
[Sun Oct 01 13:18:51.989187 2017] [:error] [pid 8173] [client 10.240.1.14:58290] script '/home/ubuntu/workspace/verwerking.php' not found or unable to stat, referer: https://php-mysql-jolicoeur.c9users.io/lesbrief4-opdr3.html
[Sun Oct 01 13:20:21.826714 2017] [:error] [pid 8175] [client 10.240.1.45:34618] script '/home/ubuntu/workspace/verwerking.php' not found or unable to stat, referer: https://php-mysql-jolicoeur.c9users.io/lesbrief4-opdr3.html
[Sun Oct 01 21:22:04.142753 2017] [core:info] [pid 12324] [client 10.240.1.45:38628] AH00128: File does not exist: /home/ubuntu/workspace/favicon.ico, referer: https://php-mysql-jolicoeur.c9users.io/lesbrief5_opdracht3.php
[Sun Oct 01 21:22:42.507554 2017] [mpm_prefork:notice] [pid 8165] AH00169: caught SIGTERM, shutting down
[Sun Oct 01 21:22:46.017390 2017] [mpm_prefork:notice] [pid 13911] AH00163: Apache/2.4.7 (Ubuntu) PHP/5.5.9-1ubuntu4.21 configured -- resuming normal operations
[Sun Oct 01 21:22:46.017479 2017] [core:notice] [pid 13911] AH00094: Command line: 'apache2'
[Thu Nov 02 08:49:16.537539 2017] [core:warn] [pid 3616] AH00098: pid file /home/ubuntu/lib/apache2/run/apache2.pid overwritten -- Unclean shutdown of previous Apache run?
[Thu Nov 02 08:49:16.545626 2017] [mpm_prefork:notice] [pid 3616] AH00163: Apache/2.4.7 (Ubuntu) PHP/5.5.9-1ubuntu4.21 configured -- resuming normal operations
[Thu Nov 02 08:49:16.545696 2017] [core:notice] [pid 3616] AH00094: Command line: 'apache2'
[Thu Nov 02 08:49:20.515003 2017] [core:info] [pid 3637] [client 10.240.1.45:34768] AH00128: File does not exist: /home/ubuntu/workspace/favicon.ico, referer: https://php-mysql-jolicoeur.c9users.io/
[Mon Dec 18 18:59:46.481075 2017] [core:warn] [pid 2642] AH00098: pid file /home/ubuntu/lib/apache2/run/apache2.pid overwritten -- Unclean shutdown of previous Apache run?
[Mon Dec 18 18:59:46.487180 2017] [mpm_prefork:notice] [pid 2642] AH00163: Apache/2.4.7 (Ubuntu) PHP/5.5.9-1ubuntu4.21 configured -- resuming normal operations
[Mon Dec 18 18:59:46.487234 2017] [core:notice] [pid 2642] AH00094: Command line: 'apache2'
[Mon Dec 18 18:59:52.334337 2017] [core:info] [pid 2658] [client 10.240.1.50:51352] AH00128: File does not exist: /home/ubuntu/workspace/favicon.ico, referer: https://php-mysql-jolicoeur.c9users.io/
[Mon Dec 18 19:12:55.558696 2017] [:error] [pid 2654] [client 10.240.0.226:60410] script '/home/ubuntu/workspace/invoerboek_verw.php' not found or unable to stat, referer: https://php-mysql-jolicoeur.c9users.io/lesbrief5opdracht2.php
[Tue Dec 19 08:36:18.334640 2017] [mpm_prefork:notice] [pid 2642] AH00169: caught SIGTERM, shutting down
[Tue Dec 19 08:36:43.309730 2017] [mpm_prefork:notice] [pid 5034] AH00163: Apache/2.4.7 (Ubuntu) PHP/5.5.9-1ubuntu4.21 configured -- resuming normal operations
[Tue Dec 19 08:36:43.309811 2017] [core:notice] [pid 5034] AH00094: Command line: 'apache2'
[Tue Dec 19 08:36:48.860084 2017] [core:info] [pid 5044] [client 10.240.0.100:54140] AH00128: File does not exist: /home/ubuntu/workspace/favicon.ico, referer: https://php-mysql-jolicoeur.c9users.io/
[Tue Dec 19 08:55:51.766895 2017] [core:info] [pid 5047] [client 10.240.1.15:40476] AH00128: File does not exist: /home/ubuntu/workspace/favicon.ico, referer: https://php-mysql-jolicoeur.c9users.io/
[Tue Dec 19 09:00:29.679707 2017] [core:info] [pid 5041] [client 10.240.0.226:60464] AH00128: File does not exist: /home/ubuntu/workspace/phpmyadmin/
[Tue Dec 19 09:01:36.160385 2017] [mpm_prefork:notice] [pid 5034] AH00169: caught SIGTERM, shutting down
[Tue Dec 19 09:01:37.293830 2017] [mpm_prefork:notice] [pid 6742] AH00163: Apache/2.4.7 (Ubuntu) PHP/5.5.9-1ubuntu4.21 configured -- resuming normal operations
[Tue Dec 19 09:01:37.293898 2017] [core:notice] [pid 6742] AH00094: Command line: '/usr/sbin/apache2'
[Tue Dec 19 20:07:45.673630 2017] [mpm_prefork:notice] [pid 6742] AH00169: caught SIGTERM, shutting down
[Tue Dec 19 20:07:46.909067 2017] [mpm_prefork:notice] [pid 8346] AH00163: Apache/2.4.7 (Ubuntu) PHP/5.5.9-1ubuntu4.21 configured -- resuming normal operations
[Tue Dec 19 20:07:46.909171 2017] [core:notice] [pid 8346] AH00094: Command line: 'apache2'
[Tue Dec 19 20:07:53.236060 2017] [core:info] [pid 8353] [client 10.240.1.50:50972] AH00128: File does not exist: /home/ubuntu/workspace/favicon.ico, referer: https://php-mysql-jolicoeur.c9users.io/
[Tue Dec 19 21:34:50.379036 2017] [mpm_prefork:notice] [pid 8346] AH00169: caught SIGTERM, shutting down
[Tue Dec 19 21:35:01.121753 2017] [mpm_prefork:notice] [pid 9957] AH00163: Apache/2.4.7 (Ubuntu) PHP/5.5.9-1ubuntu4.21 configured -- resuming normal operations
[Tue Dec 19 21:35:01.121845 2017] [core:notice] [pid 9957] AH00094: Command line: 'apache2'
[Thu Dec 21 08:12:51.546800 2017] [core:warn] [pid 2259] AH00098: pid file /home/ubuntu/lib/apache2/run/apache2.pid overwritten -- Unclean shutdown of previous Apache run?
[Thu Dec 21 08:12:51.551781 2017] [mpm_prefork:notice] [pid 2259] AH00163: Apache/2.4.7 (Ubuntu) PHP/5.5.9-1ubuntu4.21 configured -- resuming normal operations
[Thu Dec 21 08:12:51.551841 2017] [core:notice] [pid 2259] AH00094: Command line: 'apache2'
[Thu Dec 21 08:16:20.271973 2017] [mpm_prefork:notice] [pid 2259] AH00169: caught SIGTERM, shutting down
[Thu Dec 21 08:16:24.711818 2017] [mpm_prefork:notice] [pid 2953] AH00163: Apache/2.4.7 (Ubuntu) PHP/5.5.9-1ubuntu4.21 configured -- resuming normal operations
[Thu Dec 21 08:16:24.711891 2017] [core:notice] [pid 2953] AH00094: Command line: 'apache2'
[Thu Dec 21 08:16:28.863908 2017] [core:info] [pid 2960] [client 10.240.0.226:32902] AH00128: File does not exist: /home/ubuntu/workspace/favicon.ico, referer: https://php-mysql-jolicoeur.c9users.io/
[Thu Dec 21 08:49:16.512308 2017] [mpm_prefork:notice] [pid 2953] AH00169: caught SIGTERM, shutting down
[Thu Dec 21 08:49:27.098020 2017] [mpm_prefork:notice] [pid 7280] AH00163: Apache/2.4.7 (Ubuntu) PHP/5.5.9-1ubuntu4.21 configured -- resuming normal operations
[Thu Dec 21 08:49:27.098127 2017] [core:notice] [pid 7280] AH00094: Command line: 'apache2'
[Thu Dec 21 08:55:07.741195 2017] [mpm_prefork:notice] [pid 7280] AH00169: caught SIGTERM, shutting down
[Thu Dec 21 08:55:10.274587 2017] [mpm_prefork:notice] [pid 7875] AH00163: Apache/2.4.7 (Ubuntu) PHP/5.5.9-1ubuntu4.21 configured -- resuming normal operations
[Thu Dec 21 08:55:10.274717 2017] [core:notice] [pid 7875] AH00094: Command line: 'apache2'
[Thu Dec 21 09:02:44.053724 2017] [mpm_prefork:notice] [pid 7875] AH00169: caught SIGTERM, shutting down
[Thu Dec 21 09:02:46.710128 2017] [mpm_prefork:notice] [pid 8480] AH00163: Apache/2.4.7 (Ubuntu) PHP/5.5.9-1ubuntu4.21 configured -- resuming normal operations
[Thu Dec 21 09:02:46.710226 2017] [core:notice] [pid 8480] AH00094: Command line: 'apache2'
[Thu Dec 21 09:05:45.954391 2017] [mpm_prefork:notice] [pid 8480] AH00169: caught SIGTERM, shutting down
[Thu Dec 21 09:05:49.155749 2017] [mpm_prefork:notice] [pid 9030] AH00163: Apache/2.4.7 (Ubuntu) PHP/5.5.9-1ubuntu4.21 configured -- resuming normal operations
[Thu Dec 21 09:05:49.155848 2017] [core:notice] [pid 9030] AH00094: Command line: 'apache2'
[Thu Dec 21 09:07:22.700578 2017] [mpm_prefork:notice] [pid 9030] AH00169: caught SIGTERM, shutting down
[Thu Dec 21 09:07:24.513177 2017] [mpm_prefork:notice] [pid 9595] AH00163: Apache/2.4.7 (Ubuntu) PHP/5.5.9-1ubuntu4.21 configured -- resuming normal operations
[Thu Dec 21 09:07:24.513260 2017] [core:notice] [pid 9595] AH00094: Command line: 'apache2'
[Thu Dec 21 09:30:01.586112 2017] [mpm_prefork:notice] [pid 9595] AH00169: caught SIGTERM, shutting down
[Thu Dec 21 09:30:04.820323 2017] [mpm_prefork:notice] [pid 10278] AH00163: Apache/2.4.7 (Ubuntu) PHP/5.5.9-1ubuntu4.21 configured -- resuming normal operations
[Thu Dec 21 09:30:04.820421 2017] [core:notice] [pid 10278] AH00094: Command line: 'apache2'
[Thu Dec 21 09:32:10.433927 2017] [mpm_prefork:notice] [pid 10278] AH00169: caught SIGTERM, shutting down
[Thu Dec 21 09:32:14.474557 2017] [mpm_prefork:notice] [pid 10831] AH00163: Apache/2.4.7 (Ubuntu) PHP/5.5.9-1ubuntu4.21 configured -- resuming normal operations
[Thu Dec 21 09:32:14.474659 2017] [core:notice] [pid 10831] AH00094: Command line: 'apache2'
[Thu Dec 21 09:36:20.537170 2017] [mpm_prefork:notice] [pid 10831] AH00169: caught SIGTERM, shutting down
[Thu Dec 21 09:36:22.584312 2017] [mpm_prefork:notice] [pid 11384] AH00163: Apache/2.4.7 (Ubuntu) PHP/5.5.9-1ubuntu4.21 configured -- resuming normal operations
[Thu Dec 21 09:36:22.584408 2017] [core:notice] [pid 11384] AH00094: Command line: 'apache2'
[Thu Dec 21 09:37:31.423516 2017] [mpm_prefork:notice] [pid 11384] AH00169: caught SIGTERM, shutting down
[Thu Dec 21 09:37:33.824584 2017] [mpm_prefork:notice] [pid 11917] AH00163: Apache/2.4.7 (Ubuntu) PHP/5.5.9-1ubuntu4.21 configured -- resuming normal operations
[Thu Dec 21 09:37:33.824663 2017] [core:notice] [pid 11917] AH00094: Command line: 'apache2'
[Fri Feb 02 08:11:54.026006 2018] [core:warn] [pid 2727] AH00098: pid file /home/ubuntu/lib/apache2/run/apache2.pid overwritten -- Unclean shutdown of previous Apache run?
[Fri Feb 02 08:11:54.030422 2018] [mpm_prefork:notice] [pid 2727] AH00163: Apache/2.4.7 (Ubuntu) PHP/5.5.9-1ubuntu4.21 configured -- resuming normal operations
[Fri Feb 02 08:11:54.030458 2018] [core:notice] [pid 2727] AH00094: Command line: '/usr/sbin/apache2'
[Fri Feb 02 08:12:04.293643 2018] [mpm_prefork:notice] [pid 2727] AH00169: caught SIGTERM, shutting down
[Fri Feb 02 08:12:05.546324 2018] [mpm_prefork:notice] [pid 3290] AH00163: Apache/2.4.7 (Ubuntu) PHP/5.5.9-1ubuntu4.21 configured -- resuming normal operations
[Fri Feb 02 08:12:05.546422 2018] [core:notice] [pid 3290] AH00094: Command line: 'apache2'
[Fri Feb 02 08:12:07.437420 2018] [mpm_prefork:notice] [pid 3290] AH00169: caught SIGTERM, shutting down
[Fri Feb 02 08:12:08.666513 2018] [mpm_prefork:notice] [pid 3414] AH00163: Apache/2.4.7 (Ubuntu) PHP/5.5.9-1ubuntu4.21 configured -- resuming normal operations
[Fri Feb 02 08:12:08.666564 2018] [core:notice] [pid 3414] AH00094: Command line: '/usr/sbin/apache2'
[Fri Feb 02 08:13:16.920492 2018] [mpm_prefork:notice] [pid 3414] AH00169: caught SIGTERM, shutting down
[Fri Feb 02 08:13:18.132703 2018] [mpm_prefork:notice] [pid 3950] AH00163: Apache/2.4.7 (Ubuntu) PHP/5.5.9-1ubuntu4.21 configured -- resuming normal operations
[Fri Feb 02 08:13:18.132759 2018] [core:notice] [pid 3950] AH00094: Command line: 'apache2'
[Fri Feb 02 08:13:22.833748 2018] [core:info] [pid 3957] [client 10.240.1.189:36898] AH00128: File does not exist: /home/ubuntu/workspace/favicon.ico, referer: https://php-mysql-jolicoeur.c9users.io/lb3_opdr3.php
[Fri Feb 02 08:13:39.886520 2018] [core:info] [pid 3958] [client 10.240.1.99:55050] AH00128: File does not exist: /home/ubuntu/workspace/<mailto:h class=, referer: https://php-mysql-jolicoeur.c9users.io/lb3_opdr3.php
[Fri Feb 02 08:16:20.196422 2018] [mpm_prefork:notice] [pid 3950] AH00169: caught SIGTERM, shutting down
[Fri Feb 02 08:16:22.011942 2018] [mpm_prefork:notice] [pid 4558] AH00163: Apache/2.4.7 (Ubuntu) PHP/5.5.9-1ubuntu4.21 configured -- resuming normal operations
[Fri Feb 02 08:16:22.012011 2018] [core:notice] [pid 4558] AH00094: Command line: 'apache2'
[Fri Feb 02 08:17:22.714822 2018] [mpm_prefork:notice] [pid 4558] AH00169: caught SIGTERM, shutting down
[Fri Feb 02 08:17:24.569110 2018] [mpm_prefork:notice] [pid 5090] AH00163: Apache/2.4.7 (Ubuntu) PHP/5.5.9-1ubuntu4.21 configured -- resuming normal operations
[Fri Feb 02 08:17:24.569162 2018] [core:notice] [pid 5090] AH00094: Command line: 'apache2'
[Fri Feb 02 08:19:45.315890 2018] [mpm_prefork:notice] [pid 5090] AH00169: caught SIGTERM, shutting down
[Fri Feb 02 08:19:47.165106 2018] [mpm_prefork:notice] [pid 5696] AH00163: Apache/2.4.7 (Ubuntu) PHP/5.5.9-1ubuntu4.21 configured -- resuming normal operations
[Fri Feb 02 08:19:47.165163 2018] [core:notice] [pid 5696] AH00094: Command line: 'apache2'
[Wed Mar 07 11:31:39.312247 2018] [core:warn] [pid 2615] AH00098: pid file /home/ubuntu/lib/apache2/run/apache2.pid overwritten -- Unclean shutdown of previous Apache run?
[Wed Mar 07 11:31:39.316604 2018] [mpm_prefork:notice] [pid 2615] AH00163: Apache/2.4.7 (Ubuntu) PHP/5.5.9-1ubuntu4.21 configured -- resuming normal operations
[Wed Mar 07 11:31:39.316638 2018] [core:notice] [pid 2615] AH00094: Command line: 'apache2'
[Wed Mar 07 11:31:41.331732 2018] [core:info] [pid 2631] [client 10.240.0.227:45998] AH00128: File does not exist: /home/ubuntu/workspace/favicon.ico, referer: https://php-mysql-jolicoeur.c9users.io/
[Thu Mar 08 09:06:42.563821 2018] [mpm_prefork:notice] [pid 2615] AH00169: caught SIGTERM, shutting down
[Thu Mar 08 09:06:43.780521 2018] [mpm_prefork:notice] [pid 6836] AH00163: Apache/2.4.7 (Ubuntu) PHP/5.5.9-1ubuntu4.21 configured -- resuming normal operations
[Thu Mar 08 09:06:43.780634 2018] [core:notice] [pid 6836] AH00094: Command line: 'apache2'
[Thu Mar 08 09:06:47.801305 2018] [core:info] [pid 6843] [client 10.240.0.88:37490] AH00128: File does not exist: /home/ubuntu/workspace/favicon.ico, referer: https://php-mysql-jolicoeur.c9users.io/
[Thu Mar 08 09:11:18.451754 2018] [mpm_prefork:notice] [pid 6836] AH00169: caught SIGTERM, shutting down
[Thu Mar 08 09:11:28.714883 2018] [mpm_prefork:notice] [pid 8009] AH00163: Apache/2.4.7 (Ubuntu) PHP/5.5.9-1ubuntu4.21 configured -- resuming normal operations
[Thu Mar 08 09:11:28.714954 2018] [core:notice] [pid 8009] AH00094: Command line: 'apache2'
[Thu Mar 08 09:16:06.716183 2018] [mpm_prefork:notice] [pid 8009] AH00169: caught SIGTERM, shutting down
[Thu Mar 08 09:16:08.614547 2018] [mpm_prefork:notice] [pid 9139] AH00163: Apache/2.4.7 (Ubuntu) PHP/5.5.9-1ubuntu4.21 configured -- resuming normal operations
[Thu Mar 08 09:16:08.614601 2018] [core:notice] [pid 9139] AH00094: Command line: 'apache2'
[Mon Mar 12 08:44:40.839232 2018] [core:warn] [pid 2314] AH00098: pid file /home/ubuntu/lib/apache2/run/apache2.pid overwritten -- Unclean shutdown of previous Apache run?
[Mon Mar 12 08:44:40.847718 2018] [mpm_prefork:notice] [pid 2314] AH00163: Apache/2.4.7 (Ubuntu) PHP/5.5.9-1ubuntu4.21 configured -- resuming normal operations
[Mon Mar 12 08:44:40.847774 2018] [core:notice] [pid 2314] AH00094: Command line: 'apache2'
[Mon Mar 12 08:50:21.496427 2018] [mpm_prefork:notice] [pid 2314] AH00169: caught SIGTERM, shutting down
[Mon Mar 12 08:50:28.092996 2018] [mpm_prefork:notice] [pid 3199] AH00163: Apache/2.4.7 (Ubuntu) PHP/5.5.9-1ubuntu4.21 configured -- resuming normal operations
[Mon Mar 12 08:50:28.093094 2018] [core:notice] [pid 3199] AH00094: Command line: 'apache2'
[Mon Mar 12 08:51:11.804970 2018] [core:info] [pid 3206] [client 10.240.0.87:57072] AH00128: File does not exist: /home/ubuntu/workspace/favicon.ico, referer: https://php-mysql-jolicoeur.c9users.io/
[Mon Mar 12 08:52:40.421139 2018] [mpm_prefork:notice] [pid 3199] AH00169: caught SIGTERM, shutting down
[Mon Mar 12 08:52:44.274015 2018] [mpm_prefork:notice] [pid 3750] AH00163: Apache/2.4.7 (Ubuntu) PHP/5.5.9-1ubuntu4.21 configured -- resuming normal operations
[Mon Mar 12 08:52:44.274108 2018] [core:notice] [pid 3750] AH00094: Command line: 'apache2'
[Mon Mar 12 08:56:14.638209 2018] [mpm_prefork:notice] [pid 3750] AH00169: caught SIGTERM, shutting down
[Mon Mar 12 08:56:17.981646 2018] [mpm_prefork:notice] [pid 4299] AH00163: Apache/2.4.7 (Ubuntu) PHP/5.5.9-1ubuntu4.21 configured -- resuming normal operations
[Mon Mar 12 08:56:17.981763 2018] [core:notice] [pid 4299] AH00094: Command line: 'apache2'
[Mon Mar 12 08:56:18.258088 2018] [mpm_prefork:notice] [pid 4299] AH00169: caught SIGTERM, shutting down
[Mon Mar 12 08:56:20.326961 2018] [mpm_prefork:notice] [pid 4828] AH00163: Apache/2.4.7 (Ubuntu) PHP/5.5.9-1ubuntu4.21 configured -- resuming normal operations
[Mon Mar 12 08:56:20.327085 2018] [core:notice] [pid 4828] AH00094: Command line: 'apache2'
[Mon Mar 12 09:03:38.401563 2018] [core:info] [pid 4840] [client 10.240.0.222:41658] AH00128: File does not exist: /home/ubuntu/workspace/favicon.ico, referer: https://php-mysql-jolicoeur.c9users.io/invoerboek_verw.php
[Mon Mar 12 09:15:55.627246 2018] [mpm_prefork:notice] [pid 4828] AH00169: caught SIGTERM, shutting down
[Mon Mar 12 09:15:58.336754 2018] [mpm_prefork:notice] [pid 5911] AH00163: Apache/2.4.7 (Ubuntu) PHP/5.5.9-1ubuntu4.21 configured -- resuming normal operations
[Mon Mar 12 09:15:58.336846 2018] [core:notice] [pid 5911] AH00094: Command line: 'apache2'
[Mon Mar 12 09:19:11.226903 2018] [mpm_prefork:notice] [pid 5911] AH00169: caught SIGTERM, shutting down
[Mon Mar 12 09:19:14.775473 2018] [mpm_prefork:notice] [pid 6555] AH00163: Apache/2.4.7 (Ubuntu) PHP/5.5.9-1ubuntu4.21 configured -- resuming normal operations
[Mon Mar 12 09:19:14.775581 2018] [core:notice] [pid 6555] AH00094: Command line: 'apache2'
[Mon Mar 12 09:21:43.240661 2018] [mpm_prefork:notice] [pid 6555] AH00169: caught SIGTERM, shutting down
[Mon Mar 12 09:21:45.320413 2018] [mpm_prefork:notice] [pid 7129] AH00163: Apache/2.4.7 (Ubuntu) PHP/5.5.9-1ubuntu4.21 configured -- resuming normal operations
[Mon Mar 12 09:21:45.320516 2018] [core:notice] [pid 7129] AH00094: Command line: 'apache2'
[Mon Mar 12 09:22:55.195988 2018] [mpm_prefork:notice] [pid 7129] AH00169: caught SIGTERM, shutting down
[Mon Mar 12 09:22:57.771724 2018] [mpm_prefork:notice] [pid 7669] AH00163: Apache/2.4.7 (Ubuntu) PHP/5.5.9-1ubuntu4.21 configured -- resuming normal operations
[Mon Mar 12 09:22:57.771827 2018] [core:notice] [pid 7669] AH00094: Command line: 'apache2'
[Mon Mar 12 09:24:14.659645 2018] [mpm_prefork:notice] [pid 7669] AH00169: caught SIGTERM, shutting down
[Mon Mar 12 09:24:17.313676 2018] [mpm_prefork:notice] [pid 8220] AH00163: Apache/2.4.7 (Ubuntu) PHP/5.5.9-1ubuntu4.21 configured -- resuming normal operations
[Mon Mar 12 09:24:17.313768 2018] [core:notice] [pid 8220] AH00094: Command line: 'apache2'
[Mon Mar 12 09:27:58.451291 2018] [mpm_prefork:notice] [pid 8220] AH00169: caught SIGTERM, shutting down
[Mon Mar 12 09:28:01.476984 2018] [mpm_prefork:notice] [pid 8852] AH00163: Apache/2.4.7 (Ubuntu) PHP/5.5.9-1ubuntu4.21 configured -- resuming normal operations
[Mon Mar 12 09:28:01.477074 2018] [core:notice] [pid 8852] AH00094: Command line: 'apache2'
[Mon Mar 12 09:30:00.625208 2018] [mpm_prefork:notice] [pid 8852] AH00169: caught SIGTERM, shutting down
[Mon Mar 12 09:30:03.536705 2018] [mpm_prefork:notice] [pid 9409] AH00163: Apache/2.4.7 (Ubuntu) PHP/5.5.9-1ubuntu4.21 configured -- resuming normal operations
[Mon Mar 12 09:30:03.536806 2018] [core:notice] [pid 9409] AH00094: Command line: 'apache2'
[Mon Mar 12 09:33:25.623954 2018] [mpm_prefork:notice] [pid 9409] AH00169: caught SIGTERM, shutting down
[Mon Mar 12 09:33:29.299422 2018] [mpm_prefork:notice] [pid 9958] AH00163: Apache/2.4.7 (Ubuntu) PHP/5.5.9-1ubuntu4.21 configured -- resuming normal operations
[Mon Mar 12 09:33:29.299511 2018] [core:notice] [pid 9958] AH00094: Command line: 'apache2'
[Mon Mar 12 10:01:02.295457 2018] [mpm_prefork:notice] [pid 9958] AH00169: caught SIGTERM, shutting down
[Mon Mar 12 10:01:05.566574 2018] [mpm_prefork:notice] [pid 12543] AH00163: Apache/2.4.7 (Ubuntu) PHP/5.5.9-1ubuntu4.21 configured -- resuming normal operations
[Mon Mar 12 10:01:05.566680 2018] [core:notice] [pid 12543] AH00094: Command line: 'apache2'
[Mon Mar 12 10:03:45.626276 2018] [mpm_prefork:notice] [pid 12543] AH00169: caught SIGTERM, shutting down
[Mon Mar 12 10:03:48.277614 2018] [mpm_prefork:notice] [pid 13113] AH00163: Apache/2.4.7 (Ubuntu) PHP/5.5.9-1ubuntu4.21 configured -- resuming normal operations
[Mon Mar 12 10:03:48.277749 2018] [core:notice] [pid 13113] AH00094: Command line: 'apache2'
[Mon Mar 12 10:05:58.305995 2018] [mpm_prefork:notice] [pid 13113] AH00169: caught SIGTERM, shutting down
[Mon Mar 12 10:06:00.973727 2018] [mpm_prefork:notice] [pid 13650] AH00163: Apache/2.4.7 (Ubuntu) PHP/5.5.9-1ubuntu4.21 configured -- resuming normal operations
[Mon Mar 12 10:06:00.973845 2018] [core:notice] [pid 13650] AH00094: Command line: 'apache2'
[Tue Mar 13 08:38:29.201977 2018] [mpm_prefork:notice] [pid 13650] AH00169: caught SIGTERM, shutting down
[Tue Mar 13 08:38:43.223927 2018] [mpm_prefork:notice] [pid 15220] AH00163: Apache/2.4.7 (Ubuntu) PHP/5.5.9-1ubuntu4.21 configured -- resuming normal operations
[Tue Mar 13 08:38:43.224039 2018] [core:notice] [pid 15220] AH00094: Command line: 'apache2'
[Tue Mar 13 08:38:55.156655 2018] [core:info] [pid 15227] [client 10.240.1.99:35274] AH00128: File does not exist: /home/ubuntu/workspace/favicon.ico, referer: https://php-mysql-jolicoeur.c9users.io/
[Tue Mar 13 08:46:58.825106 2018] [mpm_prefork:notice] [pid 15220] AH00169: caught SIGTERM, shutting down
[Tue Mar 13 08:47:00.937864 2018] [mpm_prefork:notice] [pid 15872] AH00163: Apache/2.4.7 (Ubuntu) PHP/5.5.9-1ubuntu4.21 configured -- resuming normal operations
[Tue Mar 13 08:47:00.937972 2018] [core:notice] [pid 15872] AH00094: Command line: 'apache2'
[Tue Mar 13 08:49:40.854358 2018] [core:info] [pid 15879] [client 10.240.1.189:60234] AH00128: File does not exist: /home/ubuntu/workspace/auteurinvoer_verw.html
[Tue Mar 13 08:49:47.430548 2018] [mpm_prefork:notice] [pid 15872] AH00169: caught SIGTERM, shutting down
[Tue Mar 13 08:49:49.503005 2018] [mpm_prefork:notice] [pid 16437] AH00163: Apache/2.4.7 (Ubuntu) PHP/5.5.9-1ubuntu4.21 configured -- resuming normal operations
[Tue Mar 13 08:49:49.503091 2018] [core:notice] [pid 16437] AH00094: Command line: 'apache2'
[Tue Mar 13 08:50:32.701476 2018] [core:info] [pid 16445] [client 10.240.0.90:45528] AH00128: File does not exist: /home/ubuntu/workspace/auteurinvoer_verw.html
[Tue Mar 13 09:02:22.210674 2018] [mpm_prefork:notice] [pid 16437] AH00169: caught SIGTERM, shutting down
[Tue Mar 13 09:02:24.228156 2018] [mpm_prefork:notice] [pid 17089] AH00163: Apache/2.4.7 (Ubuntu) PHP/5.5.9-1ubuntu4.21 configured -- resuming normal operations
[Tue Mar 13 09:02:24.228278 2018] [core:notice] [pid 17089] AH00094: Command line: 'apache2'
[Tue Mar 13 09:15:18.312823 2018] [mpm_prefork:notice] [pid 17089] AH00169: caught SIGTERM, shutting down
[Tue Mar 13 09:15:20.341259 2018] [mpm_prefork:notice] [pid 17744] AH00163: Apache/2.4.7 (Ubuntu) PHP/5.5.9-1ubuntu4.21 configured -- resuming normal operations
[Tue Mar 13 09:15:20.341351 2018] [core:notice] [pid 17744] AH00094: Command line: 'apache2'
[Tue Mar 13 09:17:23.623253 2018] [mpm_prefork:notice] [pid 17744] AH00169: caught SIGTERM, shutting down
[Tue Mar 13 09:17:25.632458 2018] [mpm_prefork:notice] [pid 18324] AH00163: Apache/2.4.7 (Ubuntu) PHP/5.5.9-1ubuntu4.21 configured -- resuming normal operations
[Tue Mar 13 09:17:25.632553 2018] [core:notice] [pid 18324] AH00094: Command line: 'apache2'
[Tue Mar 13 09:27:52.426696 2018] [mpm_prefork:notice] [pid 18324] AH00169: caught SIGTERM, shutting down
[Tue Mar 13 09:27:54.460792 2018] [mpm_prefork:notice] [pid 18979] AH00163: Apache/2.4.7 (Ubuntu) PHP/5.5.9-1ubuntu4.21 configured -- resuming normal operations
[Tue Mar 13 09:27:54.460891 2018] [core:notice] [pid 18979] AH00094: Command line: 'apache2'
